AutoAdapter/app/build/intermediates/manifest_merge_blame_file/debug/manifest-merger-blame-debug-report.txt
1<?xml version="1.0" encoding="utf-8"?>
2<manifest xmlns:android="http://schemas.android.com/apk/res/android"
3    package="com.raywenderlich.android.autoadapter"
4    android:versionCode="1"
5    android:versionName="1.0" >
6
7    <uses-sdk
8        android:minSdkVersion="19"
8-->src/main/AndroidManifest.xml
9        android:targetSdkVersion="29" />
9-->src/main/AndroidManifest.xml
10
11    <application
11-->src/main/AndroidManifest.xml:6:3-25:17
12        android:allowBackup="false"
12-->src/main/AndroidManifest.xml:7:7-34
13        android:appComponentFactory="androidx.core.app.CoreComponentFactory"
13-->[androidx.core:core:1.1.0] AndroidManifest.xml:24:18-86
14        android:debuggable="true"
15        android:icon="@mipmap/ic_launcher"
15-->src/main/AndroidManifest.xml:8:7-41
16        android:label="@string/app_name"
16-->src/main/AndroidManifest.xml:9:7-39
17        android:roundIcon="@mipmap/ic_launcher_round"
17-->src/main/AndroidManifest.xml:10:7-52
18        android:supportsRtl="true"
18-->src/main/AndroidManifest.xml:11:7-33
19        android:testOnly="true"
20        android:theme="@style/AppTheme" >
20-->src/main/AndroidManifest.xml:12:7-38
21
22        <!-- Main Activity -->
23        <activity
23-->src/main/AndroidManifest.xml:16:5-23:16
24            android:name="com.raywenderlich.android.autoadapter.MainActivity"
24-->src/main/AndroidManifest.xml:17:9-74
25            android:theme="@style/SplashTheme" >
25-->src/main/AndroidManifest.xml:18:9-43
26            <intent-filter>
26-->src/main/AndroidManifest.xml:19:7-22:23
27                <action android:name="android.intent.action.MAIN" />
27-->src/main/AndroidManifest.xml:20:9-61
27-->src/main/AndroidManifest.xml:20:17-58
28
29                <category android:name="android.intent.category.LAUNCHER" />
29-->src/main/AndroidManifest.xml:21:9-69
29-->src/main/AndroidManifest.xml:21:19-66
30            </intent-filter>
31        </activity>
32    </application>
33
34</manifest>